<?xml version="1.0" encoding="UTF-8"?>
<!-- Generated by org.testng.reporters.JUnitReportReporter -->
<testsuite skipped="0" hostname="DESKTOP-7CF6N7D" name="com.srm.PRACTICE.SampleJDBCExecuteUpdate" tests="1" failures="0" timestamp="16 Feb 2022 10:01:00 GMT" time="0.583" errors="0">
  <testcase name="Sample" time="0.583" classname="com.srm.PRACTICE.SampleJDBCExecuteUpdate"/>
</testsuite> <!-- com.srm.PRACTICE.SampleJDBCExecuteUpdate -->
