<?xml version="1.0" encoding="UTF-8"?>
<!-- Generated by org.testng.reporters.JUnitReportReporter -->
<testsuite skipped="0" hostname="DESKTOP-7CF6N7D" name="com.srm.PRACTICE.PractiesforGenricUtils" tests="1" failures="0" timestamp="21 Feb 2022 09:14:32 GMT" time="0.062" errors="0">
  <testcase name="practiceforgenricutil" time="0.062" classname="com.srm.PRACTICE.PractiesforGenricUtils"/>
</testsuite> <!-- com.srm.PRACTICE.PractiesforGenricUtils -->
