<?xml version="1.0" encoding="UTF-8"?>
<!-- Generated by org.testng.reporters.JUnitReportReporter -->
<testsuite skipped="0" hostname="DESKTOP-7CF6N7D" name="com.crm.ContactTests.CreatecontactwithExitingfield" tests="1" failures="0" timestamp="27 Feb 2022 06:00:51 GMT" time="29.694" errors="0">
  <testcase name="CreateContactWithExistingField" time="29.694" classname="com.crm.ContactTests.CreatecontactwithExitingfield"/>
</testsuite> <!-- com.crm.ContactTests.CreatecontactwithExitingfield -->
