<?xml version="1.0" encoding="UTF-8"?>
<!-- Generated by org.testng.reporters.JUnitReportReporter -->
<testsuite skipped="0" hostname="DESKTOP-7CF6N7D" name="com.srm.PRACTICE.ReadDatafromExcelSheet" tests="1" failures="0" timestamp="17 Feb 2022 11:01:02 GMT" time="4.428" errors="0">
  <testcase name="Readdatafromexcelteat" time="4.428" classname="com.srm.PRACTICE.ReadDatafromExcelSheet"/>
</testsuite> <!-- com.srm.PRACTICE.ReadDatafromExcelSheet -->
