<?xml version="1.0" encoding="UTF-8"?>
<!-- Generated by org.testng.reporters.JUnitReportReporter -->
<testsuite skipped="0" hostname="DESKTOP-7CF6N7D" name="com.srm.PRACTICE.ReadtheDataFromExcel" tests="1" failures="0" timestamp="17 Feb 2022 11:11:27 GMT" time="0.960" errors="0">
  <testcase name="Readthedataexcle" time="0.960" classname="com.srm.PRACTICE.ReadtheDataFromExcel"/>
</testsuite> <!-- com.srm.PRACTICE.ReadtheDataFromExcel -->
