<?xml version="1.0" encoding="UTF-8"?>
<!-- Generated by org.testng.reporters.JUnitReportReporter -->
<testsuite skipped="0" hostname="DESKTOP-7CF6N7D" name="com.crm.OraganizationTest.CreateOrgTest" tests="1" failures="0" timestamp="17 Mar 2022 04:44:06 GMT" time="140.525" errors="0">
  <testcase name="CreateorgTest" time="140.525" classname="com.crm.OraganizationTest.CreateOrgTest"/>
</testsuite> <!-- com.crm.OraganizationTest.CreateOrgTest -->
