<?xml version="1.0" encoding="UTF-8"?>
<!-- Generated by org.testng.reporters.JUnitReportReporter -->
<testsuite skipped="0" hostname="DESKTOP-7CF6N7D" name="com.srm.PRACTICE.Dataverification" tests="1" failures="0" timestamp="16 Feb 2022 09:57:00 GMT" time="0.579" errors="0">
  <testcase name="dataVerificationInDB" time="0.579" classname="com.srm.PRACTICE.Dataverification"/>
</testsuite> <!-- com.srm.PRACTICE.Dataverification -->
