<?xml version="1.0" encoding="UTF-8"?>
<!-- Generated by org.testng.reporters.JUnitReportReporter -->
<testsuite skipped="0" hostname="DESKTOP-7CF6N7D" name="com.srm.PRACTICE.SampleJDBCExecuteQuery" tests="1" failures="0" timestamp="16 Feb 2022 07:00:01 GMT" time="0.444" errors="0">
  <testcase name="sampleJDBCExecuteQuery" time="0.444" classname="com.srm.PRACTICE.SampleJDBCExecuteQuery"/>
</testsuite> <!-- com.srm.PRACTICE.SampleJDBCExecuteQuery -->
