<?xml version="1.0" encoding="UTF-8"?>
<!-- Generated by org.testng.reporters.JUnitReportReporter -->
<testsuite skipped="0" hostname="DESKTOP-7CF6N7D" name="com.srm.PRACTICE.DataProvider2" tests="6" failures="0" timestamp="28 Feb 2022 16:28:13 GMT" time="0.032" errors="0">
  <testcase name="sampletestdataprovider" time="0.016" classname="com.srm.PRACTICE.DataProvider2"/>
  <testcase name="sampletestdataprovider" time="0.000" classname="com.srm.PRACTICE.DataProvider2"/>
  <testcase name="sampletestdataprovider" time="0.000" classname="com.srm.PRACTICE.DataProvider2"/>
  <testcase name="sampletestdataprovider" time="0.000" classname="com.srm.PRACTICE.DataProvider2"/>
  <testcase name="sampletestdataprovider" time="0.016" classname="com.srm.PRACTICE.DataProvider2"/>
  <testcase name="sampletestdataprovider" time="0.000" classname="com.srm.PRACTICE.DataProvider2"/>
</testsuite> <!-- com.srm.PRACTICE.DataProvider2 -->
