<?xml version="1.0" encoding="UTF-8"?>
<!-- Generated by org.testng.reporters.JUnitReportReporter -->
<testsuite skipped="0" hostname="DESKTOP-7CF6N7D" name="com.crm.ContactTests.CreatecontactwithLeadsource" tests="1" failures="0" timestamp="03 Mar 2022 08:54:31 GMT" time="19.362" errors="0">
  <testcase name="CreateContactWithExistingField" time="19.362" classname="com.crm.ContactTests.CreatecontactwithLeadsource"/>
</testsuite> <!-- com.crm.ContactTests.CreatecontactwithLeadsource -->
