<?xml version="1.0" encoding="UTF-8"?>
<!-- Generated by org.testng.reporters.JUnitReportReporter -->
<testsuite skipped="0" hostname="DESKTOP-7CF6N7D" name="handlingCalenderpopup.Redbuscalenderpopup" tests="1" failures="0" timestamp="10 Mar 2022 09:16:37 GMT" time="14.768" errors="0">
  <testcase name="redbuscanlenderpopup" time="14.768" classname="handlingCalenderpopup.Redbuscalenderpopup"/>
</testsuite> <!-- handlingCalenderpopup.Redbuscalenderpopup -->
