<?xml version="1.0" encoding="UTF-8"?>
<!-- Generated by org.testng.reporters.JUnitReportReporter -->
<testsuite skipped="0" hostname="DESKTOP-7CF6N7D" name="com.srm.PRACTICE.ReaddatasuiteXMLfileTest" tests="1" failures="0" timestamp="17 Feb 2022 09:59:31 GMT" time="0.033" errors="0">
  <testcase name="ReadDataFromSuiteXMLFile" time="0.033" classname="com.srm.PRACTICE.ReaddatasuiteXMLfileTest"/>
</testsuite> <!-- com.srm.PRACTICE.ReaddatasuiteXMLfileTest -->
