<?xml version="1.0" encoding="UTF-8"?>
<!-- Generated by org.testng.reporters.JUnitReportReporter -->
<testsuite skipped="0" hostname="DESKTOP-7CF6N7D" name="GenricLibrayMethedsImplimented.CreateContactwithMadetoryField" tests="1" failures="0" timestamp="22 Feb 2022 16:46:20 GMT" time="37.028" errors="0">
  <testcase name="createOrgTest" time="37.028" classname="GenricLibrayMethedsImplimented.CreateContactwithMadetoryField"/>
</testsuite> <!-- GenricLibrayMethedsImplimented.CreateContactwithMadetoryField -->
