<?xml version="1.0" encoding="UTF-8"?>
<!-- Generated by org.testng.reporters.JUnitReportReporter -->
<testsuite skipped="0" hostname="DESKTOP-7CF6N7D" name="com.crm.ContactTests.HandlingWebtable" tests="1" failures="0" timestamp="08 Mar 2022 09:40:42 GMT" time="35.288" errors="0">
  <testcase name="handlewebtablecheckbox" time="35.288" classname="com.crm.ContactTests.HandlingWebtable"/>
</testsuite> <!-- com.crm.ContactTests.HandlingWebtable -->
