<?xml version="1.0" encoding="UTF-8"?>
<!-- Generated by org.testng.reporters.JUnitReportReporter -->
<testsuite skipped="0" hostname="DESKTOP-7CF6N7D" name="com.srm.PRACTICE.ReadDataFromCmdLineTest" tests="1" failures="0" timestamp="17 Feb 2022 08:01:53 GMT" time="0.016" errors="0">
  <testcase name="readerDataDromCmdLine" time="0.016" classname="com.srm.PRACTICE.ReadDataFromCmdLineTest"/>
</testsuite> <!-- com.srm.PRACTICE.ReadDataFromCmdLineTest -->
