<?xml version="1.0" encoding="UTF-8"?>
<!-- Generated by org.testng.reporters.JUnitReportReporter -->
<testsuite skipped="0" hostname="DESKTOP-7CF6N7D" name="com.srm.PRACTICE.PropertyFilePractice" tests="1" failures="0" timestamp="16 Feb 2022 16:31:54 GMT" time="0.023" errors="0">
  <testcase name="propertyfile" time="0.023" classname="com.srm.PRACTICE.PropertyFilePractice"/>
</testsuite> <!-- com.srm.PRACTICE.PropertyFilePractice -->
