<?xml version="1.0" encoding="UTF-8"?>
<!-- Generated by org.testng.reporters.JUnitReportReporter -->
<testsuite skipped="0" hostname="DESKTOP-7CF6N7D" name="com.crm.ContactTests.CreateContacteswithdataProvider$CreateOrgWithMultipleDataTest" tests="10" failures="0" timestamp="03 Mar 2022 08:53:35 GMT" time="294.866" errors="0">
  <testcase name="createOrgWithMltipleData" time="27.112" classname="com.crm.ContactTests.CreateContacteswithdataProvider$CreateOrgWithMultipleDataTest"/>
  <testcase name="createOrgWithMltipleData" time="29.809" classname="com.crm.ContactTests.CreateContacteswithdataProvider$CreateOrgWithMultipleDataTest"/>
  <testcase name="createOrgWithMltipleData" time="27.077" classname="com.crm.ContactTests.CreateContacteswithdataProvider$CreateOrgWithMultipleDataTest"/>
  <testcase name="createOrgWithMltipleData" time="34.033" classname="com.crm.ContactTests.CreateContacteswithdataProvider$CreateOrgWithMultipleDataTest"/>
  <testcase name="createOrgWithMltipleData" time="28.448" classname="com.crm.ContactTests.CreateContacteswithdataProvider$CreateOrgWithMultipleDataTest"/>
  <testcase name="createOrgWithMltipleData" time="27.955" classname="com.crm.ContactTests.CreateContacteswithdataProvider$CreateOrgWithMultipleDataTest"/>
  <testcase name="createOrgWithMltipleData" time="26.709" classname="com.crm.ContactTests.CreateContacteswithdataProvider$CreateOrgWithMultipleDataTest"/>
  <testcase name="createOrgWithMltipleData" time="30.101" classname="com.crm.ContactTests.CreateContacteswithdataProvider$CreateOrgWithMultipleDataTest"/>
  <testcase name="createOrgWithMltipleData" time="27.162" classname="com.crm.ContactTests.CreateContacteswithdataProvider$CreateOrgWithMultipleDataTest"/>
  <testcase name="createOrgWithMltipleData" time="36.460" classname="com.crm.ContactTests.CreateContacteswithdataProvider$CreateOrgWithMultipleDataTest"/>
</testsuite> <!-- com.crm.ContactTests.CreateContacteswithdataProvider$CreateOrgWithMultipleDataTest -->
