<?xml version="1.0" encoding="UTF-8"?>
<!-- Generated by org.testng.reporters.JUnitReportReporter -->
<testsuite skipped="0" hostname="DESKTOP-7CF6N7D" name="com.srm.PRACTICE.DataProviderPrctice" tests="3" failures="0" timestamp="28 Feb 2022 10:20:27 GMT" time="0.031" errors="0">
  <testcase name="Dataproviderpractice" time="0.016" classname="com.srm.PRACTICE.DataProviderPrctice"/>
  <testcase name="Dataproviderpractice" time="0.000" classname="com.srm.PRACTICE.DataProviderPrctice"/>
  <testcase name="Dataproviderpractice" time="0.015" classname="com.srm.PRACTICE.DataProviderPrctice"/>
</testsuite> <!-- com.srm.PRACTICE.DataProviderPrctice -->
