<?xml version="1.0" encoding="UTF-8"?>
<!-- Generated by org.testng.reporters.JUnitReportReporter -->
<testsuite skipped="0" hostname="DESKTOP-7CF6N7D" name="com.srm.PRACTICE.ReadDataFromCmdLineTest" tests="1" failures="0" timestamp="2022-02-17T13:19:57 IST" time="0.016" errors="0">
  <testcase name="readerDataDromCmdLine" time="0.016" classname="com.srm.PRACTICE.ReadDataFromCmdLineTest"/>
  <system-out/>
</testsuite> <!-- com.srm.PRACTICE.ReadDataFromCmdLineTest -->
